# JRE version: Java(TM) SE Runtime Environment (8.0_181-b13) (build 1.8.0_181-b13)
# Java VM: Java HotSpot(TM) Client VM (25.181-b13 mixed mode windows-x86 )
Heap:
 def new generation   total 23552K, used 18092K [0x04a00000, 0x06380000, 0x19f50000)
  eden space 20992K,  73% used [0x04a00000, 0x0592b3d0, 0x05e80000)
  from space 2560K, 100% used [0x06100000, 0x06380000, 0x06380000)
  to   space 2560K,   0% used [0x05e80000, 0x05e80000, 0x06100000)
 tenured generation   total 52080K, used 43638K [0x19f50000, 0x1d22c000, 0x44a00000)
   the space 52080K,  83% used [0x19f50000, 0x1c9ed8e0, 0x1c9eda00, 0x1d22c000)
 Metaspace       used 35925K, capacity 38200K, committed 38272K, reserved 38272K
GC Heap History (10 events):
Event: 16.503 GC heap before
{Heap before GC invocations=13 (full 2):
 def new generation   total 14464K, used 14464K [0x04a00000, 0x059b0000, 0x19f50000)
  eden space 12864K, 100% used [0x04a00000, 0x05690000, 0x05690000)
  from space 1600K, 100% used [0x05820000, 0x059b0000, 0x059b0000)
  to   space 1600K,   0% used [0x05690000, 0x05690000, 0x05820000)
 tenured generation   total 32068K, used 27667K [0x19f50000, 0x1bea1000, 0x44a00000)
   the space 32068K,  86% used [0x19f50000, 0x1ba54d80, 0x1ba54e00, 0x1bea1000)
 Metaspace       used 23592K, capacity 25151K, committed 25216K, reserved 25984K
Event: 16.520 GC heap after
Heap after GC invocations=14 (full 2):
 def new generation   total 14464K, used 1600K [0x04a00000, 0x059b0000, 0x19f50000)
  eden space 12864K,   0% used [0x04a00000, 0x04a00000, 0x05690000)
  from space 1600K, 100% used [0x05690000, 0x05820000, 0x05820000)
  to   space 1600K,   0% used [0x05820000, 0x05820000, 0x059b0000)
 tenured generation   total 32068K, used 30786K [0x19f50000, 0x1bea1000, 0x44a00000)
   the space 32068K,  96% used [0x19f50000, 0x1bd60808, 0x1bd60a00, 0x1bea1000)
 Metaspace       used 23592K, capacity 25151K, committed 25216K, reserved 25984K
}
Event: 17.190 GC heap before
{Heap before GC invocations=14 (full 2):
 def new generation   total 14464K, used 14464K [0x04a00000, 0x059b0000, 0x19f50000)
  eden space 12864K, 100% used [0x04a00000, 0x05690000, 0x05690000)
  from space 1600K, 100% used [0x05690000, 0x05820000, 0x05820000)
  to   space 1600K,   0% used [0x05820000, 0x05820000, 0x059b0000)
 tenured generation   total 32068K, used 30786K [0x19f50000, 0x1bea1000, 0x44a00000)
   the space 32068K,  96% used [0x19f50000, 0x1bd60808, 0x1bd60a00, 0x1bea1000)
 Metaspace       used 25485K, capacity 27057K, committed 27136K, reserved 28032K
Event: 17.349 GC heap after
Heap after GC invocations=15 (full 3):
 def new generation   total 23552K, used 0K [0x04a00000, 0x06380000, 0x19f50000)
  eden space 20992K,   0% used [0x04a00000, 0x04a00000, 0x05e80000)
  from space 2560K,   0% used [0x05e80000, 0x05e80000, 0x06100000)
  to   space 2560K,   0% used [0x06100000, 0x06100000, 0x06380000)
 tenured generation   total 52080K, used 31245K [0x19f50000, 0x1d22c000, 0x44a00000)
   the space 52080K,  59% used [0x19f50000, 0x1bdd3780, 0x1bdd3800, 0x1d22c000)
 Metaspace       used 25485K, capacity 27057K, committed 27136K, reserved 28032K
}
Event: 19.157 GC heap before
{Heap before GC invocations=15 (full 3):
 def new generation   total 23552K, used 20992K [0x04a00000, 0x06380000, 0x19f50000)
  eden space 20992K, 100% used [0x04a00000, 0x05e80000, 0x05e80000)
  from space 2560K,   0% used [0x05e80000, 0x05e80000, 0x06100000)
  to   space 2560K,   0% used [0x06100000, 0x06100000, 0x06380000)
 tenured generation   total 52080K, used 31245K [0x19f50000, 0x1d22c000, 0x44a00000)
   the space 52080K,  59% used [0x19f50000, 0x1bdd3780, 0x1bdd3800, 0x1d22c000)
 Metaspace       used 27685K, capacity 29433K, committed 29440K, reserved 30080K
Event: 19.169 GC heap after
Heap after GC invocations=16 (full 3):
 def new generation   total 23552K, used 2560K [0x04a00000, 0x06380000, 0x19f50000)
  eden space 20992K,   0% used [0x04a00000, 0x04a00000, 0x05e80000)
  from space 2560K, 100% used [0x06100000, 0x06380000, 0x06380000)
  to   space 2560K,   0% used [0x05e80000, 0x05e80000, 0x06100000)
 tenured generation   total 52080K, used 33192K [0x19f50000, 0x1d22c000, 0x44a00000)
   the space 52080K,  63% used [0x19f50000, 0x1bfba290, 0x1bfba400, 0x1d22c000)
 Metaspace       used 27685K, capacity 29433K, committed 29440K, reserved 30080K
}
Event: 20.790 GC heap before
{Heap before GC invocations=16 (full 3):
 def new generation   total 23552K, used 23552K [0x04a00000, 0x06380000, 0x19f50000)
  eden space 20992K, 100% used [0x04a00000, 0x05e80000, 0x05e80000)
  from space 2560K, 100% used [0x06100000, 0x06380000, 0x06380000)
  to   space 2560K,   0% used [0x05e80000, 0x05e80000, 0x06100000)
 tenured generation   total 52080K, used 33192K [0x19f50000, 0x1d22c000, 0x44a00000)
   the space 52080K,  63% used [0x19f50000, 0x1bfba290, 0x1bfba400, 0x1d22c000)
 Metaspace       used 31063K, capacity 33097K, committed 33152K, reserved 33152K
Event: 20.811 GC heap after
Heap after GC invocations=17 (full 3):
 def new generation   total 23552K, used 2560K [0x04a00000, 0x06380000, 0x19f50000)
  eden space 20992K,   0% used [0x04a00000, 0x04a00000, 0x05e80000)
  from space 2560K, 100% used [0x05e80000, 0x06100000, 0x06100000)
  to   space 2560K,   0% used [0x06100000, 0x06100000, 0x06380000)
 tenured generation   total 52080K, used 38547K [0x19f50000, 0x1d22c000, 0x44a00000)
   the space 52080K,  74% used [0x19f50000, 0x1c4f4c08, 0x1c4f4e00, 0x1d22c000)
 Metaspace       used 31063K, capacity 33097K, committed 33152K, reserved 33152K
}
Event: 22.784 GC heap before
{Heap before GC invocations=17 (full 3):
 def new generation   total 23552K, used 23552K [0x04a00000, 0x06380000, 0x19f50000)
  eden space 20992K, 100% used [0x04a00000, 0x05e80000, 0x05e80000)
  from space 2560K, 100% used [0x05e80000, 0x06100000, 0x06100000)
  to   space 2560K,   0% used [0x06100000, 0x06100000, 0x06380000)
 tenured generation   total 52080K, used 38547K [0x19f50000, 0x1d22c000, 0x44a00000)
   the space 52080K,  74% used [0x19f50000, 0x1c4f4c08, 0x1c4f4e00, 0x1d22c000)
 Metaspace       used 34251K, capacity 36450K, committed 36480K, reserved 37248K
Event: 22.808 GC heap after
Heap after GC invocations=18 (full 3):
 def new generation   total 23552K, used 2560K [0x04a00000, 0x06380000, 0x19f50000)
  eden space 20992K,   0% used [0x04a00000, 0x04a00000, 0x05e80000)
  from space 2560K, 100% used [0x06100000, 0x06380000, 0x06380000)
  to   space 2560K,   0% used [0x05e80000, 0x05e80000, 0x06100000)
 tenured generation   total 52080K, used 43638K [0x19f50000, 0x1d22c000, 0x44a00000)
   the space 52080K,  83% used [0x19f50000, 0x1c9ed8e0, 0x1c9eda00, 0x1d22c000)
 Metaspace       used 34251K, capacity 36450K, committed 36480K, reserved 37248K
}

